<?xml version="1.0" encoding="UTF-8"?>
<!-- Generated by org.testng.reporters.JUnitReportReporter -->
<testsuite hostname="DESKTOP-M82P6OL" failures="0" tests="1" name="testCases.TC002_LoginTest" time="8.108" errors="0" timestamp="2024-09-05T12:09:15 IST" skipped="0">
  <testcase classname="testCases.TC002_LoginTest" name="verify_account_login" time="8.108"/>
</testsuite> <!-- testCases.TC002_LoginTest -->
