<?xml version="1.0" encoding="UTF-8"?>
<!-- Generated by org.testng.reporters.JUnitReportReporter -->
<testsuite hostname="DESKTOP-M82P6OL" failures="0" tests="1" name="testCases.TC001_AccountRegistrationTest" time="6.143" errors="0" timestamp="2024-09-05T12:09:15 IST" skipped="0">
  <testcase classname="testCases.TC001_AccountRegistrationTest" name="verify_account_registration" time="6.143"/>
</testsuite> <!-- testCases.TC001_AccountRegistrationTest -->
