<?xml version="1.0" encoding="UTF-8"?>
<!-- Generated by org.testng.reporters.JUnitReportReporter -->
<testsuite hostname="DESKTOP-M82P6OL" failures="0" tests="1" name="testCases.TC002_LoginTest" time="3.779" errors="0" timestamp="2024-09-05T19:23:58 IST" skipped="0">
  <testcase classname="testCases.TC002_LoginTest" name="verify_account_login" time="3.779"/>
</testsuite> <!-- testCases.TC002_LoginTest -->
